<?xml version="1.0" encoding="UTF-8"?>
<!-- Generated by org.testng.reporters.JUnitReportReporter -->
<testsuite hostname="Didier_PC" failures="0" tests="2" name="Users.UserTests" time="2.511" errors="0" timestamp="21 Jan 2024 15:23:20 GMT">
  <testcase classname="Users.UserTests" name="Create_A_Single_NewUser" time="1.594"/>
  <testcase classname="Users.UserTests" name="Search_An_ExistentUser" time="0.917"/>
</testsuite> <!-- Users.UserTests -->
