<?xml version="1.0" encoding="UTF-8"?>
<!-- Generated by org.testng.reporters.JUnitReportReporter -->
<testsuite hostname="Didier_PC" failures="0" tests="2" name="Users.Tests.userTests" time="1.961" errors="0" timestamp="20 Jan 2024 22:31:15 GMT">
  <testcase classname="Users.Tests.userTests" name="Search_An_ExistentUser" time="0.561"/>
  <testcase classname="Users.Tests.userTests" name="Create_A_Single_NewUser" time="1.400"/>
</testsuite> <!-- Users.Tests.userTests -->
