<?xml version="1.0" encoding="UTF-8"?>
<!-- Generated by org.testng.reporters.JUnitReportReporter -->
<testsuite hostname="Didier_PC" failures="0" tests="1" name="Pets.PetsTests" time="1.703" errors="0" timestamp="21 Jan 2024 15:01:12 GMT">
  <testcase classname="Pets.PetsTests" name="Find_Pets_By_Status" time="1.703"/>
</testsuite> <!-- Pets.PetsTests -->
